<?xml version="1.0" encoding="UTF-8"?>
<testsuite name="taxipark.TestTask3FrequentPassengers" tests="11" skipped="0" failures="0" errors="0" timestamp="2020-08-09T12:35:31" hostname="bamboo" time="0.011">
  <properties/>
  <testcase name="test0" classname="taxipark.TestTask3FrequentPassengers" time="0.001"/>
  <testcase name="test01" classname="taxipark.TestTask3FrequentPassengers" time="0.0"/>
  <testcase name="test02" classname="taxipark.TestTask3FrequentPassengers" time="0.0"/>
  <testcase name="test03" classname="taxipark.TestTask3FrequentPassengers" time="0.0"/>
  <testcase name="test04" classname="taxipark.TestTask3FrequentPassengers" time="0.0"/>
  <testcase name="test05" classname="taxipark.TestTask3FrequentPassengers" time="0.001"/>
  <testcase name="test06" classname="taxipark.TestTask3FrequentPassengers" time="0.001"/>
  <testcase name="test07" classname="taxipark.TestTask3FrequentPassengers" time="0.0"/>
  <testcase name="test08" classname="taxipark.TestTask3FrequentPassengers" time="0.0"/>
  <testcase name="test09" classname="taxipark.TestTask3FrequentPassengers" time="0.001"/>
  <testcase name="test10" classname="taxipark.TestTask3FrequentPassengers" time="0.001"/>
  <system-out><![CDATA[{Passenger(name=P-1)=3, Passenger(name=P-3)=2, Passenger(name=P-2)=1}
{Passenger(name=P-7)=3, Passenger(name=P-6)=1, Passenger(name=P-5)=3, Passenger(name=P-0)=1}
{Passenger(name=P-3)=1, Passenger(name=P-6)=1, Passenger(name=P-4)=1, Passenger(name=P-1)=3, Passenger(name=P-7)=1, Passenger(name=P-5)=1, Passenger(name=P-0)=1}
{Passenger(name=P-7)=3, Passenger(name=P-3)=2, Passenger(name=P-0)=2, Passenger(name=P-2)=2, Passenger(name=P-4)=1, Passenger(name=P-1)=1}
{Passenger(name=P-2)=3, Passenger(name=P-3)=3, Passenger(name=P-5)=2, Passenger(name=P-4)=3, Passenger(name=P-1)=1}
{Passenger(name=P-12)=1, Passenger(name=P-4)=1, Passenger(name=P-8)=1, Passenger(name=P-10)=1, Passenger(name=P-5)=1}
{Passenger(name=P-1)=1, Passenger(name=P-7)=1, Passenger(name=P-12)=1, Passenger(name=P-15)=3, Passenger(name=P-8)=1, Passenger(name=P-13)=2, Passenger(name=P-3)=2, Passenger(name=P-6)=1, Passenger(name=P-4)=1}
{Passenger(name=P-1)=2, Passenger(name=P-9)=1, Passenger(name=P-14)=1, Passenger(name=P-3)=1, Passenger(name=P-15)=1, Passenger(name=P-10)=1}
{}
{Passenger(name=P-4)=8, Passenger(name=P-0)=5, Passenger(name=P-1)=4, Passenger(name=P-3)=3, Passenger(name=P-5)=5, Passenger(name=P-2)=4}
{Passenger(name=P-2)=3, Passenger(name=P-5)=3, Passenger(name=P-0)=5, Passenger(name=P-1)=2, Passenger(name=P-4)=5, Passenger(name=P-3)=1}
]]></system-out>
  <system-err><![CDATA[]]></system-err>
</testsuite>
